<?xml version="1.0" encoding="UTF-8"?>
<!-- Generated by org.testng.reporters.JUnitReportReporter -->
<testsuite hostname="DESKTOP-7TVUAN4" failures="0" tests="1" name="FrameWorkBase.Remit" time="5.876" errors="0" timestamp="2024-10-08T16:47:55 IST" skipped="0">
  <testcase classname="FrameWorkBase.Remit" name="remit" time="5.876"/>
</testsuite> <!-- FrameWorkBase.Remit -->
