<?xml version="1.0" encoding="UTF-8"?>
<!-- Generated by org.testng.reporters.JUnitReportReporter -->
<testsuite hostname="DESKTOP-7TVUAN4" failures="0" tests="1" name="ExperimentRemit.Remit" time="9.364" errors="0" timestamp="2024-10-23T15:35:45 IST" skipped="0">
  <testcase classname="ExperimentRemit.Remit" name="remit" time="9.364"/>
</testsuite> <!-- ExperimentRemit.Remit -->
