<?xml version="1.0" encoding="UTF-8"?>
<!-- Generated by org.testng.reporters.JUnitReportReporter -->
<testsuite hostname="DESKTOP-7TVUAN4" failures="0" tests="1" name="FrameWorkBase.IRCTC" time="22.765" errors="0" timestamp="2024-09-13T18:13:51 IST" skipped="0">
  <testcase classname="FrameWorkBase.IRCTC" name="ticketBooking" time="22.765"/>
</testsuite> <!-- FrameWorkBase.IRCTC -->
