<?xml version="1.0" encoding="UTF-8"?>
<!-- Generated by org.testng.reporters.JUnitReportReporter -->
<testsuite hostname="DESKTOP-7TVUAN4" failures="0" tests="1" name="Proprites.SampleProp" time="7.998" errors="0" timestamp="2024-10-17T16:42:38 IST" skipped="0">
  <testcase classname="Proprites.SampleProp" name="propp" time="7.998"/>
</testsuite> <!-- Proprites.SampleProp -->
