<?xml version="1.0" encoding="UTF-8"?>
<!-- Generated by org.testng.reporters.JUnitReportReporter -->
<testsuite hostname="DESKTOP-7TVUAN4" failures="0" tests="1" name="FrameWorkBase.Case" time="6.315" errors="0" timestamp="2024-09-13T12:26:11 IST" skipped="0">
  <testcase classname="FrameWorkBase.Case" name="searched" time="6.315"/>
</testsuite> <!-- FrameWorkBase.Case -->
